The system is: Darwin - 18.7.0 - x86_64
Compiling the CXX compiler identification source file "CMakeCXXCompilerId.cpp" succeeded.
Compiler: /Users/wroge/opt/GNAT/2019/bin/c++ 
Build flags: 
Id flags: -c 

The output was:
0


Compilation of the CXX compiler identification source "CMakeCXXCompilerId.cpp" produced "CMakeCXXCompilerId.o"

The CXX compiler identification is GNU, found in "/Users/wroge/Documents/Projects/Morpheus/build/CMakeFiles/3.13.1/CompilerIdCXX/CMakeCXXCompilerId.o"

Determining if the CXX compiler works passed with the following output:
Change Dir: /Users/wroge/Documents/Projects/Morpheus/build/CMakeFiles/CMakeTmp

Run Build Command:"/usr/bin/make" "cmTC_ebec7/fast"
/Library/Developer/CommandLineTools/usr/bin/make -f CMakeFiles/cmTC_ebec7.dir/build.make CMakeFiles/cmTC_ebec7.dir/build
Building CXX object CMakeFiles/cmTC_ebec7.dir/testCXXCompiler.cxx.o
/Users/wroge/opt/GNAT/2019/bin/c++    -isysroot /Library/Developer/CommandLineTools/SDKs/MacOSX10.14.sdk   -o CMakeFiles/cmTC_ebec7.dir/testCXXCompiler.cxx.o -c /Users/wroge/Documents/Projects/Morpheus/build/CMakeFiles/CMakeTmp/testCXXCompiler.cxx
Linking CXX executable cmTC_ebec7
/usr/local/Cellar/cmake/3.13.1/bin/cmake -E cmake_link_script CMakeFiles/cmTC_ebec7.dir/link.txt --verbose=1
/Users/wroge/opt/GNAT/2019/bin/c++    -isysroot /Library/Developer/CommandLineTools/SDKs/MacOSX10.14.sdk -Wl,-search_paths_first -Wl,-headerpad_max_install_names   CMakeFiles/cmTC_ebec7.dir/testCXXCompiler.cxx.o  -o cmTC_ebec7 


Detecting CXX compiler ABI info compiled with the following output:
Change Dir: /Users/wroge/Documents/Projects/Morpheus/build/CMakeFiles/CMakeTmp

Run Build Command:"/usr/bin/make" "cmTC_24c02/fast"
/Library/Developer/CommandLineTools/usr/bin/make -f CMakeFiles/cmTC_24c02.dir/build.make CMakeFiles/cmTC_24c02.dir/build
Building CXX object CMakeFiles/cmTC_24c02.dir/CMakeCXXCompilerABI.cpp.o
/Users/wroge/opt/GNAT/2019/bin/c++    -isysroot /Library/Developer/CommandLineTools/SDKs/MacOSX10.14.sdk   -o CMakeFiles/cmTC_24c02.dir/CMakeCXXCompilerABI.cpp.o -c /usr/local/Cellar/cmake/3.13.1/share/cmake/Modules/CMakeCXXCompilerABI.cpp
Linking CXX executable cmTC_24c02
/usr/local/Cellar/cmake/3.13.1/bin/cmake -E cmake_link_script CMakeFiles/cmTC_24c02.dir/link.txt --verbose=1
/Users/wroge/opt/GNAT/2019/bin/c++    -isysroot /Library/Developer/CommandLineTools/SDKs/MacOSX10.14.sdk -Wl,-search_paths_first -Wl,-headerpad_max_install_names  -v -Wl,-v CMakeFiles/cmTC_24c02.dir/CMakeCXXCompilerABI.cpp.o  -o cmTC_24c02 
Using built-in specs.
COLLECT_GCC=/Users/wroge/opt/GNAT/2019/bin/c++
COLLECT_LTO_WRAPPER=/Users/wroge/opt/GNAT/2019/bin/../libexec/gcc/x86_64-apple-darwin17.7.0/8.3.1/lto-wrapper
Target: x86_64-apple-darwin17.7.0
Configured with: ../src/configure --enable-languages=ada,c,c++,objc --enable-lto --with-stage1-ldflags=-static-libstdc++ --with-boot-ldflags=-static-libstdc++ --disable-libcilkrts --with-bugurl=URL:mailto:report@adacore.com --disable-nls --without-libiconv-prefix --disable-libstdcxx-pch --disable-libada --enable-checking=release --disable-multilib --with-specs='%{!sysroot=*:--sysroot=%:xcode-path(/Platforms/MacOSX.platform/Developer/SDKs/MacOSX.sdk)}' --with-mpfr=/gnatmail/sandbox/a2c2/x86_64-darwin/mpfr_stable-c/install --with-gmp=/gnatmail/sandbox/a2c2/x86_64-darwin/gmp_stable-c/install --with-mpc=/gnatmail/sandbox/a2c2/x86_64-darwin/mpc_stable-c/install --with-build-time-tools=/gnatmail/sandbox/a2c2/x86_64-darwin/gcc-c/build/buildtools/bin --prefix=/gnatmail/sandbox/a2c2/x86_64-darwin/gcc-c/pkg --build=x86_64-apple-darwin17.7.0
Thread model: posix
gcc version 8.3.1 20190518 (for GNAT Community 2019 20190517) (GCC) 
COMPILER_PATH=/Users/wroge/opt/GNAT/2019/bin/../libexec/gcc/x86_64-apple-darwin17.7.0/8.3.1/:/Users/wroge/opt/GNAT/2019/bin/../libexec/gcc/
LIBRARY_PATH=/Users/wroge/opt/GNAT/2019/bin/../lib/gcc/x86_64-apple-darwin17.7.0/8.3.1/:/Users/wroge/opt/GNAT/2019/bin/../lib/gcc/:/Users/wroge/opt/GNAT/2019/bin/../lib/gcc/x86_64-apple-darwin17.7.0/8.3.1/../../../
COLLECT_GCC_OPTIONS='-isysroot' '/Library/Developer/CommandLineTools/SDKs/MacOSX10.14.sdk' '-v' '-o' 'cmTC_24c02' '-shared-libgcc' '-mtune=core2' '-mmacosx-version-min=10.14.0'
 /Users/wroge/opt/GNAT/2019/bin/../libexec/gcc/x86_64-apple-darwin17.7.0/8.3.1/collect2 -dynamic -arch x86_64 -macosx_version_min 10.14.0 -syslibroot /Library/Developer/CommandLineTools/SDKs/MacOSX10.14.sdk -weak_reference_mismatches non-weak -o cmTC_24c02 -L/Users/wroge/opt/GNAT/2019/bin/../lib/gcc/x86_64-apple-darwin17.7.0/8.3.1 -L/Users/wroge/opt/GNAT/2019/bin/../lib/gcc -L/Users/wroge/opt/GNAT/2019/bin/../lib/gcc/x86_64-apple-darwin17.7.0/8.3.1/../../.. -search_paths_first -headerpad_max_install_names -v CMakeFiles/cmTC_24c02.dir/CMakeCXXCompilerABI.cpp.o -lstdc++ -no_compact_unwind -lSystem -lSystem -v
collect2 version 8.3.1 20190518 (for GNAT Community 2019 20190517)
/usr/bin/ld -dynamic -arch x86_64 -macosx_version_min 10.14.0 -syslibroot /Library/Developer/CommandLineTools/SDKs/MacOSX10.14.sdk -weak_reference_mismatches non-weak -o cmTC_24c02 -L/Users/wroge/opt/GNAT/2019/bin/../lib/gcc/x86_64-apple-darwin17.7.0/8.3.1 -L/Users/wroge/opt/GNAT/2019/bin/../lib/gcc -L/Users/wroge/opt/GNAT/2019/bin/../lib/gcc/x86_64-apple-darwin17.7.0/8.3.1/../../.. -search_paths_first -headerpad_max_install_names -v CMakeFiles/cmTC_24c02.dir/CMakeCXXCompilerABI.cpp.o -lstdc++ -no_compact_unwind -lSystem -lSystem -v
@(#)PROGRAM:ld  PROJECT:ld64-450.3
BUILD 18:16:53 Apr  5 2019
configured to support archs: armv6 armv7 armv7s arm64 arm64e arm64_32 i386 x86_64 x86_64h armv6m armv7k armv7m armv7em
@(#)PROGRAM:ld  PROJECT:ld64-450.3
BUILD 18:16:53 Apr  5 2019
configured to support archs: armv6 armv7 armv7s arm64 arm64e arm64_32 i386 x86_64 x86_64h armv6m armv7k armv7m armv7em
Library search paths:
	/Users/wroge/opt/GNAT/2019/lib/gcc/x86_64-apple-darwin17.7.0/8.3.1
	/Users/wroge/opt/GNAT/2019/lib/gcc
	/Users/wroge/opt/GNAT/2019/lib
	/Library/Developer/CommandLineTools/SDKs/MacOSX10.14.sdk/usr/lib
Framework search paths:
	/Library/Developer/CommandLineTools/SDKs/MacOSX10.14.sdk/System/Library/Frameworks/
 /usr/bin/nm -n CMakeFiles/cmTC_24c02.dir/CMakeCXXCompilerABI.cpp.o


Parsed CXX implicit link information from above output:
  link line regex: [^( *|.*[/\])(ld|CMAKE_LINK_STARTFILE-NOTFOUND|([^/\]+-)?ld|collect2)[^/\]*( |$)]
  ignore line: [Change Dir: /Users/wroge/Documents/Projects/Morpheus/build/CMakeFiles/CMakeTmp]
  ignore line: []
  ignore line: [Run Build Command:"/usr/bin/make" "cmTC_24c02/fast"]
  ignore line: [/Library/Developer/CommandLineTools/usr/bin/make -f CMakeFiles/cmTC_24c02.dir/build.make CMakeFiles/cmTC_24c02.dir/build]
  ignore line: [Building CXX object CMakeFiles/cmTC_24c02.dir/CMakeCXXCompilerABI.cpp.o]
  ignore line: [/Users/wroge/opt/GNAT/2019/bin/c++    -isysroot /Library/Developer/CommandLineTools/SDKs/MacOSX10.14.sdk   -o CMakeFiles/cmTC_24c02.dir/CMakeCXXCompilerABI.cpp.o -c /usr/local/Cellar/cmake/3.13.1/share/cmake/Modules/CMakeCXXCompilerABI.cpp]
  ignore line: [Linking CXX executable cmTC_24c02]
  ignore line: [/usr/local/Cellar/cmake/3.13.1/bin/cmake -E cmake_link_script CMakeFiles/cmTC_24c02.dir/link.txt --verbose=1]
  ignore line: [/Users/wroge/opt/GNAT/2019/bin/c++    -isysroot /Library/Developer/CommandLineTools/SDKs/MacOSX10.14.sdk -Wl,-search_paths_first -Wl,-headerpad_max_install_names  -v -Wl,-v CMakeFiles/cmTC_24c02.dir/CMakeCXXCompilerABI.cpp.o  -o cmTC_24c02 ]
  ignore line: [Using built-in specs.]
  ignore line: [COLLECT_GCC=/Users/wroge/opt/GNAT/2019/bin/c++]
  ignore line: [COLLECT_LTO_WRAPPER=/Users/wroge/opt/GNAT/2019/bin/../libexec/gcc/x86_64-apple-darwin17.7.0/8.3.1/lto-wrapper]
  ignore line: [Target: x86_64-apple-darwin17.7.0]
  ignore line: [Configured with: ../src/configure --enable-languages=ada,c,c++,objc --enable-lto --with-stage1-ldflags=-static-libstdc++ --with-boot-ldflags=-static-libstdc++ --disable-libcilkrts --with-bugurl=URL:mailto:report@adacore.com --disable-nls --without-libiconv-prefix --disable-libstdcxx-pch --disable-libada --enable-checking=release --disable-multilib --with-specs='%{!sysroot=*:--sysroot=%:xcode-path(/Platforms/MacOSX.platform/Developer/SDKs/MacOSX.sdk)}' --with-mpfr=/gnatmail/sandbox/a2c2/x86_64-darwin/mpfr_stable-c/install --with-gmp=/gnatmail/sandbox/a2c2/x86_64-darwin/gmp_stable-c/install --with-mpc=/gnatmail/sandbox/a2c2/x86_64-darwin/mpc_stable-c/install --with-build-time-tools=/gnatmail/sandbox/a2c2/x86_64-darwin/gcc-c/build/buildtools/bin --prefix=/gnatmail/sandbox/a2c2/x86_64-darwin/gcc-c/pkg --build=x86_64-apple-darwin17.7.0]
  ignore line: [Thread model: posix]
  ignore line: [gcc version 8.3.1 20190518 (for GNAT Community 2019 20190517) (GCC) ]
  ignore line: [COMPILER_PATH=/Users/wroge/opt/GNAT/2019/bin/../libexec/gcc/x86_64-apple-darwin17.7.0/8.3.1/:/Users/wroge/opt/GNAT/2019/bin/../libexec/gcc/]
  ignore line: [LIBRARY_PATH=/Users/wroge/opt/GNAT/2019/bin/../lib/gcc/x86_64-apple-darwin17.7.0/8.3.1/:/Users/wroge/opt/GNAT/2019/bin/../lib/gcc/:/Users/wroge/opt/GNAT/2019/bin/../lib/gcc/x86_64-apple-darwin17.7.0/8.3.1/../../../]
  ignore line: [COLLECT_GCC_OPTIONS='-isysroot' '/Library/Developer/CommandLineTools/SDKs/MacOSX10.14.sdk' '-v' '-o' 'cmTC_24c02' '-shared-libgcc' '-mtune=core2' '-mmacosx-version-min=10.14.0']
  link line: [ /Users/wroge/opt/GNAT/2019/bin/../libexec/gcc/x86_64-apple-darwin17.7.0/8.3.1/collect2 -dynamic -arch x86_64 -macosx_version_min 10.14.0 -syslibroot /Library/Developer/CommandLineTools/SDKs/MacOSX10.14.sdk -weak_reference_mismatches non-weak -o cmTC_24c02 -L/Users/wroge/opt/GNAT/2019/bin/../lib/gcc/x86_64-apple-darwin17.7.0/8.3.1 -L/Users/wroge/opt/GNAT/2019/bin/../lib/gcc -L/Users/wroge/opt/GNAT/2019/bin/../lib/gcc/x86_64-apple-darwin17.7.0/8.3.1/../../.. -search_paths_first -headerpad_max_install_names -v CMakeFiles/cmTC_24c02.dir/CMakeCXXCompilerABI.cpp.o -lstdc++ -no_compact_unwind -lSystem -lSystem -v]
    arg [/Users/wroge/opt/GNAT/2019/bin/../libexec/gcc/x86_64-apple-darwin17.7.0/8.3.1/collect2] ==> ignore
    arg [-dynamic] ==> ignore
    arg [-arch] ==> ignore
    arg [x86_64] ==> ignore
    arg [-macosx_version_min] ==> ignore
    arg [10.14.0] ==> ignore
    arg [-syslibroot] ==> ignore
    arg [/Library/Developer/CommandLineTools/SDKs/MacOSX10.14.sdk] ==> ignore
    arg [-weak_reference_mismatches] ==> ignore
    arg [non-weak] ==> ignore
    arg [-o] ==> ignore
    arg [cmTC_24c02] ==> ignore
    arg [-L/Users/wroge/opt/GNAT/2019/bin/../lib/gcc/x86_64-apple-darwin17.7.0/8.3.1] ==> dir [/Users/wroge/opt/GNAT/2019/bin/../lib/gcc/x86_64-apple-darwin17.7.0/8.3.1]
    arg [-L/Users/wroge/opt/GNAT/2019/bin/../lib/gcc] ==> dir [/Users/wroge/opt/GNAT/2019/bin/../lib/gcc]
    arg [-L/Users/wroge/opt/GNAT/2019/bin/../lib/gcc/x86_64-apple-darwin17.7.0/8.3.1/../../..] ==> dir [/Users/wroge/opt/GNAT/2019/bin/../lib/gcc/x86_64-apple-darwin17.7.0/8.3.1/../../..]
    arg [-search_paths_first] ==> ignore
    arg [-headerpad_max_install_names] ==> ignore
    arg [-v] ==> ignore
    arg [CMakeFiles/cmTC_24c02.dir/CMakeCXXCompilerABI.cpp.o] ==> ignore
    arg [-lstdc++] ==> lib [stdc++]
    arg [-no_compact_unwind] ==> ignore
    arg [-lSystem] ==> lib [System]
    arg [-lSystem] ==> lib [System]
    arg [-v] ==> ignore
  Library search paths: [;/Users/wroge/opt/GNAT/2019/lib/gcc/x86_64-apple-darwin17.7.0/8.3.1;/Users/wroge/opt/GNAT/2019/lib/gcc;/Users/wroge/opt/GNAT/2019/lib;/Library/Developer/CommandLineTools/SDKs/MacOSX10.14.sdk/usr/lib]
  Framework search paths: [;/Library/Developer/CommandLineTools/SDKs/MacOSX10.14.sdk/System/Library/Frameworks/]
  remove lib [System]
  remove lib [System]
  collapse library dir [/Users/wroge/opt/GNAT/2019/bin/../lib/gcc/x86_64-apple-darwin17.7.0/8.3.1] ==> [/Users/wroge/opt/GNAT/2019/lib/gcc/x86_64-apple-darwin17.7.0/8.3.1]
  collapse library dir [/Users/wroge/opt/GNAT/2019/bin/../lib/gcc] ==> [/Users/wroge/opt/GNAT/2019/lib/gcc]
  collapse library dir [/Users/wroge/opt/GNAT/2019/bin/../lib/gcc/x86_64-apple-darwin17.7.0/8.3.1/../../..] ==> [/Users/wroge/opt/GNAT/2019/lib]
  collapse library dir [/Users/wroge/opt/GNAT/2019/lib/gcc/x86_64-apple-darwin17.7.0/8.3.1] ==> [/Users/wroge/opt/GNAT/2019/lib/gcc/x86_64-apple-darwin17.7.0/8.3.1]
  collapse library dir [/Users/wroge/opt/GNAT/2019/lib/gcc] ==> [/Users/wroge/opt/GNAT/2019/lib/gcc]
  collapse library dir [/Users/wroge/opt/GNAT/2019/lib] ==> [/Users/wroge/opt/GNAT/2019/lib]
  collapse library dir [/Library/Developer/CommandLineTools/SDKs/MacOSX10.14.sdk/usr/lib] ==> [/Library/Developer/CommandLineTools/SDKs/MacOSX10.14.sdk/usr/lib]
  collapse framework dir [/Library/Developer/CommandLineTools/SDKs/MacOSX10.14.sdk/System/Library/Frameworks/] ==> [/Library/Developer/CommandLineTools/SDKs/MacOSX10.14.sdk/System/Library/Frameworks]
  implicit libs: [stdc++]
  implicit dirs: [/Users/wroge/opt/GNAT/2019/lib/gcc/x86_64-apple-darwin17.7.0/8.3.1;/Users/wroge/opt/GNAT/2019/lib/gcc;/Users/wroge/opt/GNAT/2019/lib;/Library/Developer/CommandLineTools/SDKs/MacOSX10.14.sdk/usr/lib]
  implicit fwks: [/Library/Developer/CommandLineTools/SDKs/MacOSX10.14.sdk/System/Library/Frameworks]




Detecting CXX [-std=c++2a] compiler features compiled with the following output:
Change Dir: /Users/wroge/Documents/Projects/Morpheus/build/CMakeFiles/CMakeTmp

Run Build Command:"/usr/bin/make" "cmTC_27cb0/fast"
/Library/Developer/CommandLineTools/usr/bin/make -f CMakeFiles/cmTC_27cb0.dir/build.make CMakeFiles/cmTC_27cb0.dir/build
Building CXX object CMakeFiles/cmTC_27cb0.dir/feature_tests.cxx.o
/Users/wroge/opt/GNAT/2019/bin/c++    -isysroot /Library/Developer/CommandLineTools/SDKs/MacOSX10.14.sdk   -std=c++2a -o CMakeFiles/cmTC_27cb0.dir/feature_tests.cxx.o -c /Users/wroge/Documents/Projects/Morpheus/build/CMakeFiles/feature_tests.cxx
Linking CXX executable cmTC_27cb0
/usr/local/Cellar/cmake/3.13.1/bin/cmake -E cmake_link_script CMakeFiles/cmTC_27cb0.dir/link.txt --verbose=1
/Users/wroge/opt/GNAT/2019/bin/c++    -isysroot /Library/Developer/CommandLineTools/SDKs/MacOSX10.14.sdk -Wl,-search_paths_first -Wl,-headerpad_max_install_names   CMakeFiles/cmTC_27cb0.dir/feature_tests.cxx.o  -o cmTC_27cb0 


    Feature record: CXX_FEATURE:1cxx_aggregate_default_initializers
    Feature record: CXX_FEATURE:1cxx_alias_templates
    Feature record: CXX_FEATURE:1cxx_alignas
    Feature record: CXX_FEATURE:1cxx_alignof
    Feature record: CXX_FEATURE:1cxx_attributes
    Feature record: CXX_FEATURE:1cxx_attribute_deprecated
    Feature record: CXX_FEATURE:1cxx_auto_type
    Feature record: CXX_FEATURE:1cxx_binary_literals
    Feature record: CXX_FEATURE:1cxx_constexpr
    Feature record: CXX_FEATURE:1cxx_contextual_conversions
    Feature record: CXX_FEATURE:1cxx_decltype
    Feature record: CXX_FEATURE:1cxx_decltype_auto
    Feature record: CXX_FEATURE:1cxx_decltype_incomplete_return_types
    Feature record: CXX_FEATURE:1cxx_default_function_template_args
    Feature record: CXX_FEATURE:1cxx_defaulted_functions
    Feature record: CXX_FEATURE:1cxx_defaulted_move_initializers
    Feature record: CXX_FEATURE:1cxx_delegating_constructors
    Feature record: CXX_FEATURE:1cxx_deleted_functions
    Feature record: CXX_FEATURE:1cxx_digit_separators
    Feature record: CXX_FEATURE:1cxx_enum_forward_declarations
    Feature record: CXX_FEATURE:1cxx_explicit_conversions
    Feature record: CXX_FEATURE:1cxx_extended_friend_declarations
    Feature record: CXX_FEATURE:1cxx_extern_templates
    Feature record: CXX_FEATURE:1cxx_final
    Feature record: CXX_FEATURE:1cxx_func_identifier
    Feature record: CXX_FEATURE:1cxx_generalized_initializers
    Feature record: CXX_FEATURE:1cxx_generic_lambdas
    Feature record: CXX_FEATURE:1cxx_inheriting_constructors
    Feature record: CXX_FEATURE:1cxx_inline_namespaces
    Feature record: CXX_FEATURE:1cxx_lambdas
    Feature record: CXX_FEATURE:1cxx_lambda_init_captures
    Feature record: CXX_FEATURE:1cxx_local_type_template_args
    Feature record: CXX_FEATURE:1cxx_long_long_type
    Feature record: CXX_FEATURE:1cxx_noexcept
    Feature record: CXX_FEATURE:1cxx_nonstatic_member_init
    Feature record: CXX_FEATURE:1cxx_nullptr
    Feature record: CXX_FEATURE:1cxx_override
    Feature record: CXX_FEATURE:1cxx_range_for
    Feature record: CXX_FEATURE:1cxx_raw_string_literals
    Feature record: CXX_FEATURE:1cxx_reference_qualified_functions
    Feature record: CXX_FEATURE:1cxx_relaxed_constexpr
    Feature record: CXX_FEATURE:1cxx_return_type_deduction
    Feature record: CXX_FEATURE:1cxx_right_angle_brackets
    Feature record: CXX_FEATURE:1cxx_rvalue_references
    Feature record: CXX_FEATURE:1cxx_sizeof_member
    Feature record: CXX_FEATURE:1cxx_static_assert
    Feature record: CXX_FEATURE:1cxx_strong_enums
    Feature record: CXX_FEATURE:1cxx_template_template_parameters
    Feature record: CXX_FEATURE:1cxx_thread_local
    Feature record: CXX_FEATURE:1cxx_trailing_return_types
    Feature record: CXX_FEATURE:1cxx_unicode_literals
    Feature record: CXX_FEATURE:1cxx_uniform_initialization
    Feature record: CXX_FEATURE:1cxx_unrestricted_unions
    Feature record: CXX_FEATURE:1cxx_user_literals
    Feature record: CXX_FEATURE:1cxx_variable_templates
    Feature record: CXX_FEATURE:1cxx_variadic_macros
    Feature record: CXX_FEATURE:1cxx_variadic_templates


Detecting CXX [-std=c++17] compiler features compiled with the following output:
Change Dir: /Users/wroge/Documents/Projects/Morpheus/build/CMakeFiles/CMakeTmp

Run Build Command:"/usr/bin/make" "cmTC_eb075/fast"
/Library/Developer/CommandLineTools/usr/bin/make -f CMakeFiles/cmTC_eb075.dir/build.make CMakeFiles/cmTC_eb075.dir/build
Building CXX object CMakeFiles/cmTC_eb075.dir/feature_tests.cxx.o
/Users/wroge/opt/GNAT/2019/bin/c++    -isysroot /Library/Developer/CommandLineTools/SDKs/MacOSX10.14.sdk   -std=c++17 -o CMakeFiles/cmTC_eb075.dir/feature_tests.cxx.o -c /Users/wroge/Documents/Projects/Morpheus/build/CMakeFiles/feature_tests.cxx
Linking CXX executable cmTC_eb075
/usr/local/Cellar/cmake/3.13.1/bin/cmake -E cmake_link_script CMakeFiles/cmTC_eb075.dir/link.txt --verbose=1
/Users/wroge/opt/GNAT/2019/bin/c++    -isysroot /Library/Developer/CommandLineTools/SDKs/MacOSX10.14.sdk -Wl,-search_paths_first -Wl,-headerpad_max_install_names   CMakeFiles/cmTC_eb075.dir/feature_tests.cxx.o  -o cmTC_eb075 


    Feature record: CXX_FEATURE:1cxx_aggregate_default_initializers
    Feature record: CXX_FEATURE:1cxx_alias_templates
    Feature record: CXX_FEATURE:1cxx_alignas
    Feature record: CXX_FEATURE:1cxx_alignof
    Feature record: CXX_FEATURE:1cxx_attributes
    Feature record: CXX_FEATURE:1cxx_attribute_deprecated
    Feature record: CXX_FEATURE:1cxx_auto_type
    Feature record: CXX_FEATURE:1cxx_binary_literals
    Feature record: CXX_FEATURE:1cxx_constexpr
    Feature record: CXX_FEATURE:1cxx_contextual_conversions
    Feature record: CXX_FEATURE:1cxx_decltype
    Feature record: CXX_FEATURE:1cxx_decltype_auto
    Feature record: CXX_FEATURE:1cxx_decltype_incomplete_return_types
    Feature record: CXX_FEATURE:1cxx_default_function_template_args
    Feature record: CXX_FEATURE:1cxx_defaulted_functions
    Feature record: CXX_FEATURE:1cxx_defaulted_move_initializers
    Feature record: CXX_FEATURE:1cxx_delegating_constructors
    Feature record: CXX_FEATURE:1cxx_deleted_functions
    Feature record: CXX_FEATURE:1cxx_digit_separators
    Feature record: CXX_FEATURE:1cxx_enum_forward_declarations
    Feature record: CXX_FEATURE:1cxx_explicit_conversions
    Feature record: CXX_FEATURE:1cxx_extended_friend_declarations
    Feature record: CXX_FEATURE:1cxx_extern_templates
    Feature record: CXX_FEATURE:1cxx_final
    Feature record: CXX_FEATURE:1cxx_func_identifier
    Feature record: CXX_FEATURE:1cxx_generalized_initializers
    Feature record: CXX_FEATURE:1cxx_generic_lambdas
    Feature record: CXX_FEATURE:1cxx_inheriting_constructors
    Feature record: CXX_FEATURE:1cxx_inline_namespaces
    Feature record: CXX_FEATURE:1cxx_lambdas
    Feature record: CXX_FEATURE:1cxx_lambda_init_captures
    Feature record: CXX_FEATURE:1cxx_local_type_template_args
    Feature record: CXX_FEATURE:1cxx_long_long_type
    Feature record: CXX_FEATURE:1cxx_noexcept
    Feature record: CXX_FEATURE:1cxx_nonstatic_member_init
    Feature record: CXX_FEATURE:1cxx_nullptr
    Feature record: CXX_FEATURE:1cxx_override
    Feature record: CXX_FEATURE:1cxx_range_for
    Feature record: CXX_FEATURE:1cxx_raw_string_literals
    Feature record: CXX_FEATURE:1cxx_reference_qualified_functions
    Feature record: CXX_FEATURE:1cxx_relaxed_constexpr
    Feature record: CXX_FEATURE:1cxx_return_type_deduction
    Feature record: CXX_FEATURE:1cxx_right_angle_brackets
    Feature record: CXX_FEATURE:1cxx_rvalue_references
    Feature record: CXX_FEATURE:1cxx_sizeof_member
    Feature record: CXX_FEATURE:1cxx_static_assert
    Feature record: CXX_FEATURE:1cxx_strong_enums
    Feature record: CXX_FEATURE:1cxx_template_template_parameters
    Feature record: CXX_FEATURE:1cxx_thread_local
    Feature record: CXX_FEATURE:1cxx_trailing_return_types
    Feature record: CXX_FEATURE:1cxx_unicode_literals
    Feature record: CXX_FEATURE:1cxx_uniform_initialization
    Feature record: CXX_FEATURE:1cxx_unrestricted_unions
    Feature record: CXX_FEATURE:1cxx_user_literals
    Feature record: CXX_FEATURE:1cxx_variable_templates
    Feature record: CXX_FEATURE:1cxx_variadic_macros
    Feature record: CXX_FEATURE:1cxx_variadic_templates


Detecting CXX [-std=c++14] compiler features compiled with the following output:
Change Dir: /Users/wroge/Documents/Projects/Morpheus/build/CMakeFiles/CMakeTmp

Run Build Command:"/usr/bin/make" "cmTC_334f5/fast"
/Library/Developer/CommandLineTools/usr/bin/make -f CMakeFiles/cmTC_334f5.dir/build.make CMakeFiles/cmTC_334f5.dir/build
Building CXX object CMakeFiles/cmTC_334f5.dir/feature_tests.cxx.o
/Users/wroge/opt/GNAT/2019/bin/c++    -isysroot /Library/Developer/CommandLineTools/SDKs/MacOSX10.14.sdk   -std=c++14 -o CMakeFiles/cmTC_334f5.dir/feature_tests.cxx.o -c /Users/wroge/Documents/Projects/Morpheus/build/CMakeFiles/feature_tests.cxx
Linking CXX executable cmTC_334f5
/usr/local/Cellar/cmake/3.13.1/bin/cmake -E cmake_link_script CMakeFiles/cmTC_334f5.dir/link.txt --verbose=1
/Users/wroge/opt/GNAT/2019/bin/c++    -isysroot /Library/Developer/CommandLineTools/SDKs/MacOSX10.14.sdk -Wl,-search_paths_first -Wl,-headerpad_max_install_names   CMakeFiles/cmTC_334f5.dir/feature_tests.cxx.o  -o cmTC_334f5 


    Feature record: CXX_FEATURE:1cxx_aggregate_default_initializers
    Feature record: CXX_FEATURE:1cxx_alias_templates
    Feature record: CXX_FEATURE:1cxx_alignas
    Feature record: CXX_FEATURE:1cxx_alignof
    Feature record: CXX_FEATURE:1cxx_attributes
    Feature record: CXX_FEATURE:1cxx_attribute_deprecated
    Feature record: CXX_FEATURE:1cxx_auto_type
    Feature record: CXX_FEATURE:1cxx_binary_literals
    Feature record: CXX_FEATURE:1cxx_constexpr
    Feature record: CXX_FEATURE:1cxx_contextual_conversions
    Feature record: CXX_FEATURE:1cxx_decltype
    Feature record: CXX_FEATURE:1cxx_decltype_auto
    Feature record: CXX_FEATURE:1cxx_decltype_incomplete_return_types
    Feature record: CXX_FEATURE:1cxx_default_function_template_args
    Feature record: CXX_FEATURE:1cxx_defaulted_functions
    Feature record: CXX_FEATURE:1cxx_defaulted_move_initializers
    Feature record: CXX_FEATURE:1cxx_delegating_constructors
    Feature record: CXX_FEATURE:1cxx_deleted_functions
    Feature record: CXX_FEATURE:1cxx_digit_separators
    Feature record: CXX_FEATURE:1cxx_enum_forward_declarations
    Feature record: CXX_FEATURE:1cxx_explicit_conversions
    Feature record: CXX_FEATURE:1cxx_extended_friend_declarations
    Feature record: CXX_FEATURE:1cxx_extern_templates
    Feature record: CXX_FEATURE:1cxx_final
    Feature record: CXX_FEATURE:1cxx_func_identifier
    Feature record: CXX_FEATURE:1cxx_generalized_initializers
    Feature record: CXX_FEATURE:1cxx_generic_lambdas
    Feature record: CXX_FEATURE:1cxx_inheriting_constructors
    Feature record: CXX_FEATURE:1cxx_inline_namespaces
    Feature record: CXX_FEATURE:1cxx_lambdas
    Feature record: CXX_FEATURE:1cxx_lambda_init_captures
    Feature record: CXX_FEATURE:1cxx_local_type_template_args
    Feature record: CXX_FEATURE:1cxx_long_long_type
    Feature record: CXX_FEATURE:1cxx_noexcept
    Feature record: CXX_FEATURE:1cxx_nonstatic_member_init
    Feature record: CXX_FEATURE:1cxx_nullptr
    Feature record: CXX_FEATURE:1cxx_override
    Feature record: CXX_FEATURE:1cxx_range_for
    Feature record: CXX_FEATURE:1cxx_raw_string_literals
    Feature record: CXX_FEATURE:1cxx_reference_qualified_functions
    Feature record: CXX_FEATURE:1cxx_relaxed_constexpr
    Feature record: CXX_FEATURE:1cxx_return_type_deduction
    Feature record: CXX_FEATURE:1cxx_right_angle_brackets
    Feature record: CXX_FEATURE:1cxx_rvalue_references
    Feature record: CXX_FEATURE:1cxx_sizeof_member
    Feature record: CXX_FEATURE:1cxx_static_assert
    Feature record: CXX_FEATURE:1cxx_strong_enums
    Feature record: CXX_FEATURE:1cxx_template_template_parameters
    Feature record: CXX_FEATURE:1cxx_thread_local
    Feature record: CXX_FEATURE:1cxx_trailing_return_types
    Feature record: CXX_FEATURE:1cxx_unicode_literals
    Feature record: CXX_FEATURE:1cxx_uniform_initialization
    Feature record: CXX_FEATURE:1cxx_unrestricted_unions
    Feature record: CXX_FEATURE:1cxx_user_literals
    Feature record: CXX_FEATURE:1cxx_variable_templates
    Feature record: CXX_FEATURE:1cxx_variadic_macros
    Feature record: CXX_FEATURE:1cxx_variadic_templates


Detecting CXX [-std=c++11] compiler features compiled with the following output:
Change Dir: /Users/wroge/Documents/Projects/Morpheus/build/CMakeFiles/CMakeTmp

Run Build Command:"/usr/bin/make" "cmTC_a9596/fast"
/Library/Developer/CommandLineTools/usr/bin/make -f CMakeFiles/cmTC_a9596.dir/build.make CMakeFiles/cmTC_a9596.dir/build
Building CXX object CMakeFiles/cmTC_a9596.dir/feature_tests.cxx.o
/Users/wroge/opt/GNAT/2019/bin/c++    -isysroot /Library/Developer/CommandLineTools/SDKs/MacOSX10.14.sdk   -std=c++11 -o CMakeFiles/cmTC_a9596.dir/feature_tests.cxx.o -c /Users/wroge/Documents/Projects/Morpheus/build/CMakeFiles/feature_tests.cxx
Linking CXX executable cmTC_a9596
/usr/local/Cellar/cmake/3.13.1/bin/cmake -E cmake_link_script CMakeFiles/cmTC_a9596.dir/link.txt --verbose=1
/Users/wroge/opt/GNAT/2019/bin/c++    -isysroot /Library/Developer/CommandLineTools/SDKs/MacOSX10.14.sdk -Wl,-search_paths_first -Wl,-headerpad_max_install_names   CMakeFiles/cmTC_a9596.dir/feature_tests.cxx.o  -o cmTC_a9596 


    Feature record: CXX_FEATURE:0cxx_aggregate_default_initializers
    Feature record: CXX_FEATURE:1cxx_alias_templates
    Feature record: CXX_FEATURE:1cxx_alignas
    Feature record: CXX_FEATURE:1cxx_alignof
    Feature record: CXX_FEATURE:1cxx_attributes
    Feature record: CXX_FEATURE:0cxx_attribute_deprecated
    Feature record: CXX_FEATURE:1cxx_auto_type
    Feature record: CXX_FEATURE:0cxx_binary_literals
    Feature record: CXX_FEATURE:1cxx_constexpr
    Feature record: CXX_FEATURE:0cxx_contextual_conversions
    Feature record: CXX_FEATURE:1cxx_decltype
    Feature record: CXX_FEATURE:0cxx_decltype_auto
    Feature record: CXX_FEATURE:1cxx_decltype_incomplete_return_types
    Feature record: CXX_FEATURE:1cxx_default_function_template_args
    Feature record: CXX_FEATURE:1cxx_defaulted_functions
    Feature record: CXX_FEATURE:1cxx_defaulted_move_initializers
    Feature record: CXX_FEATURE:1cxx_delegating_constructors
    Feature record: CXX_FEATURE:1cxx_deleted_functions
    Feature record: CXX_FEATURE:0cxx_digit_separators
    Feature record: CXX_FEATURE:1cxx_enum_forward_declarations
    Feature record: CXX_FEATURE:1cxx_explicit_conversions
    Feature record: CXX_FEATURE:1cxx_extended_friend_declarations
    Feature record: CXX_FEATURE:1cxx_extern_templates
    Feature record: CXX_FEATURE:1cxx_final
    Feature record: CXX_FEATURE:1cxx_func_identifier
    Feature record: CXX_FEATURE:1cxx_generalized_initializers
    Feature record: CXX_FEATURE:0cxx_generic_lambdas
    Feature record: CXX_FEATURE:1cxx_inheriting_constructors
    Feature record: CXX_FEATURE:1cxx_inline_namespaces
    Feature record: CXX_FEATURE:1cxx_lambdas
    Feature record: CXX_FEATURE:0cxx_lambda_init_captures
    Feature record: CXX_FEATURE:1cxx_local_type_template_args
    Feature record: CXX_FEATURE:1cxx_long_long_type
    Feature record: CXX_FEATURE:1cxx_noexcept
    Feature record: CXX_FEATURE:1cxx_nonstatic_member_init
    Feature record: CXX_FEATURE:1cxx_nullptr
    Feature record: CXX_FEATURE:1cxx_override
    Feature record: CXX_FEATURE:1cxx_range_for
    Feature record: CXX_FEATURE:1cxx_raw_string_literals
    Feature record: CXX_FEATURE:1cxx_reference_qualified_functions
    Feature record: CXX_FEATURE:0cxx_relaxed_constexpr
    Feature record: CXX_FEATURE:0cxx_return_type_deduction
    Feature record: CXX_FEATURE:1cxx_right_angle_brackets
    Feature record: CXX_FEATURE:1cxx_rvalue_references
    Feature record: CXX_FEATURE:1cxx_sizeof_member
    Feature record: CXX_FEATURE:1cxx_static_assert
    Feature record: CXX_FEATURE:1cxx_strong_enums
    Feature record: CXX_FEATURE:1cxx_template_template_parameters
    Feature record: CXX_FEATURE:1cxx_thread_local
    Feature record: CXX_FEATURE:1cxx_trailing_return_types
    Feature record: CXX_FEATURE:1cxx_unicode_literals
    Feature record: CXX_FEATURE:1cxx_uniform_initialization
    Feature record: CXX_FEATURE:1cxx_unrestricted_unions
    Feature record: CXX_FEATURE:1cxx_user_literals
    Feature record: CXX_FEATURE:0cxx_variable_templates
    Feature record: CXX_FEATURE:1cxx_variadic_macros
    Feature record: CXX_FEATURE:1cxx_variadic_templates


Detecting CXX [-std=c++98] compiler features compiled with the following output:
Change Dir: /Users/wroge/Documents/Projects/Morpheus/build/CMakeFiles/CMakeTmp

Run Build Command:"/usr/bin/make" "cmTC_269b2/fast"
/Library/Developer/CommandLineTools/usr/bin/make -f CMakeFiles/cmTC_269b2.dir/build.make CMakeFiles/cmTC_269b2.dir/build
Building CXX object CMakeFiles/cmTC_269b2.dir/feature_tests.cxx.o
/Users/wroge/opt/GNAT/2019/bin/c++    -isysroot /Library/Developer/CommandLineTools/SDKs/MacOSX10.14.sdk   -std=c++98 -o CMakeFiles/cmTC_269b2.dir/feature_tests.cxx.o -c /Users/wroge/Documents/Projects/Morpheus/build/CMakeFiles/feature_tests.cxx
Linking CXX executable cmTC_269b2
/usr/local/Cellar/cmake/3.13.1/bin/cmake -E cmake_link_script CMakeFiles/cmTC_269b2.dir/link.txt --verbose=1
/Users/wroge/opt/GNAT/2019/bin/c++    -isysroot /Library/Developer/CommandLineTools/SDKs/MacOSX10.14.sdk -Wl,-search_paths_first -Wl,-headerpad_max_install_names   CMakeFiles/cmTC_269b2.dir/feature_tests.cxx.o  -o cmTC_269b2 


    Feature record: CXX_FEATURE:0cxx_aggregate_default_initializers
    Feature record: CXX_FEATURE:0cxx_alias_templates
    Feature record: CXX_FEATURE:0cxx_alignas
    Feature record: CXX_FEATURE:0cxx_alignof
    Feature record: CXX_FEATURE:0cxx_attributes
    Feature record: CXX_FEATURE:0cxx_attribute_deprecated
    Feature record: CXX_FEATURE:0cxx_auto_type
    Feature record: CXX_FEATURE:0cxx_binary_literals
    Feature record: CXX_FEATURE:0cxx_constexpr
    Feature record: CXX_FEATURE:0cxx_contextual_conversions
    Feature record: CXX_FEATURE:0cxx_decltype
    Feature record: CXX_FEATURE:0cxx_decltype_auto
    Feature record: CXX_FEATURE:0cxx_decltype_incomplete_return_types
    Feature record: CXX_FEATURE:0cxx_default_function_template_args
    Feature record: CXX_FEATURE:0cxx_defaulted_functions
    Feature record: CXX_FEATURE:0cxx_defaulted_move_initializers
    Feature record: CXX_FEATURE:0cxx_delegating_constructors
    Feature record: CXX_FEATURE:0cxx_deleted_functions
    Feature record: CXX_FEATURE:0cxx_digit_separators
    Feature record: CXX_FEATURE:0cxx_enum_forward_declarations
    Feature record: CXX_FEATURE:0cxx_explicit_conversions
    Feature record: CXX_FEATURE:0cxx_extended_friend_declarations
    Feature record: CXX_FEATURE:0cxx_extern_templates
    Feature record: CXX_FEATURE:0cxx_final
    Feature record: CXX_FEATURE:0cxx_func_identifier
    Feature record: CXX_FEATURE:0cxx_generalized_initializers
    Feature record: CXX_FEATURE:0cxx_generic_lambdas
    Feature record: CXX_FEATURE:0cxx_inheriting_constructors
    Feature record: CXX_FEATURE:0cxx_inline_namespaces
    Feature record: CXX_FEATURE:0cxx_lambdas
    Feature record: CXX_FEATURE:0cxx_lambda_init_captures
    Feature record: CXX_FEATURE:0cxx_local_type_template_args
    Feature record: CXX_FEATURE:0cxx_long_long_type
    Feature record: CXX_FEATURE:0cxx_noexcept
    Feature record: CXX_FEATURE:0cxx_nonstatic_member_init
    Feature record: CXX_FEATURE:0cxx_nullptr
    Feature record: CXX_FEATURE:0cxx_override
    Feature record: CXX_FEATURE:0cxx_range_for
    Feature record: CXX_FEATURE:0cxx_raw_string_literals
    Feature record: CXX_FEATURE:0cxx_reference_qualified_functions
    Feature record: CXX_FEATURE:0cxx_relaxed_constexpr
    Feature record: CXX_FEATURE:0cxx_return_type_deduction
    Feature record: CXX_FEATURE:0cxx_right_angle_brackets
    Feature record: CXX_FEATURE:0cxx_rvalue_references
    Feature record: CXX_FEATURE:0cxx_sizeof_member
    Feature record: CXX_FEATURE:0cxx_static_assert
    Feature record: CXX_FEATURE:0cxx_strong_enums
    Feature record: CXX_FEATURE:1cxx_template_template_parameters
    Feature record: CXX_FEATURE:0cxx_thread_local
    Feature record: CXX_FEATURE:0cxx_trailing_return_types
    Feature record: CXX_FEATURE:0cxx_unicode_literals
    Feature record: CXX_FEATURE:0cxx_uniform_initialization
    Feature record: CXX_FEATURE:0cxx_unrestricted_unions
    Feature record: CXX_FEATURE:0cxx_user_literals
    Feature record: CXX_FEATURE:0cxx_variable_templates
    Feature record: CXX_FEATURE:0cxx_variadic_macros
    Feature record: CXX_FEATURE:0cxx_variadic_templates
